The following modules were not unloaded:
  (Use "module --force purge" to unload all):

  1) CCconfig         4) imkl/2020.1.217    7) libfabric/1.10.1
  2) gentoo/2020      5) intel/2020.1.217   8) openmpi/4.0.3
  3) gcccore/.9.3.0   6) ucx/1.8.0          9) StdEnv/2020

Lmod is automatically replacing "intel/2020.1.217" with "gcc/9.3.0".


Due to MODULEPATH changes, the following have been reloaded:
  1) libfabric/1.10.1     2) openmpi/4.0.3     3) ucx/1.8.0

The environment has already been set by the module.
Not making any changes.
cdr199.int.cedar.computecanada.ca.12947psmi_cuda_initialize: Unable to find active CUDA context
cdr40.int.cedar.computecanada.ca.14294psmi_cuda_initialize: Unable to find active CUDA context
cdr201.int.cedar.computecanada.ca.3046psmi_cuda_initialize: Unable to find active CUDA context
cdr199.int.cedar.computecanada.ca.12948psmi_cuda_initialize: Unable to find active CUDA context
cdr201.int.cedar.computecanada.ca.3045psmi_cuda_initialize: Unable to find active CUDA context
cdr197.int.cedar.computecanada.ca.16626psmi_cuda_initialize: Unable to find active CUDA context
cdr40.int.cedar.computecanada.ca.14295psmi_cuda_initialize: Unable to find active CUDA context
cdr197.int.cedar.computecanada.ca.16625psmi_cuda_initialize: Unable to find active CUDA context

CPPTRAJ: Trajectory Analysis. V5.1.0 OpenMP
    ___  ___  ___  ___
     | \/ | \/ | \/ | 
    _|_/\_|_/\_|_/\_|_

| 2 OpenMP threads available.
| Date/time: 11/25/23 10:59:11
| Available memory: 115.915 GB

INPUT: Reading input from 'QM_MM/to_pdb.in'
  [parm TXS-GGPP.prmtop]
	Reading 'TXS-GGPP.prmtop' as Amber Topology
	Radius Set: modified Bondi radii (mbondi)
  [trajin QM_MM/TXS-GGPP_qmmm.rst7]
	Reading 'QM_MM/TXS-GGPP_qmmm.rst7' as Amber NC Restart
  [trajout TXS-GGPP_qmmm.pdb PDB]
	Writing 'TXS-GGPP_qmmm.pdb' as PDB
  [center :1-788]
    CENTER: Centering coordinates using geometric center of atoms in mask (:1-788) to
	box center.
  [image familiar]
    IMAGE: By molecule to box center based on first atom position using all atoms
           Triclinic On, familiar shape.
  [go]
---------- RUN BEGIN -------------------------------------------------

PARAMETER FILES (1 total):
 0: TXS-GGPP.prmtop, 129015 atoms, 39776 res, box: Truncated octahedron, 38993 mol, 38710 solvent

INPUT TRAJECTORIES (1 total):
 0: 'TXS-GGPP_qmmm.rst7' is a NetCDF AMBER restart file with coordinates, velocities, time, replica indices, coordinate indices, box, Parm TXS-GGPP.prmtop (Truncated octahedron box) (reading 1 of 1)
  Coordinate processing will occur on 1 frames.

OUTPUT TRAJECTORIES (1 total):
  'TXS-GGPP_qmmm.pdb' (1 frames) is a PDB file

BEGIN TRAJECTORY PROCESSING:
.....................................................
ACTION SETUP FOR PARM 'TXS-GGPP.prmtop' (2 actions):
  0: [center :1-788]
	Mask [:1-788] corresponds to 12607 atoms.
  1: [image familiar]
	Mask [*] corresponds to 129015 atoms.
	Number of molecules to be imaged is 38993
Warning: No PDB space group specified.
.....................................................
ACTIVE OUTPUT TRAJECTORIES (1):
  TXS-GGPP_qmmm.pdb (coordinates, velocities, time, replica indices, coordinate indices, box)
----- TXS-GGPP_qmmm.rst7 (1-1, 1) -----
100% Complete.

Read 1 frames and processed 1 frames.
TIME: Avg. throughput= 2.2131 frames / second.

ACTION OUTPUT:
TIME: Analyses took 0.0000 seconds.

RUN TIMING:
TIME:		Init               : 0.0000 s (  0.00%)
TIME:		Trajectory Process : 0.4518 s ( 99.66%)
TIME:		Action Post        : 0.0000 s (  0.00%)
TIME:		Analysis           : 0.0000 s (  0.00%)
TIME:		Data File Write    : 0.0000 s (  0.00%)
TIME:		Other              : 0.0015 s (  0.00%)
TIME:	Run Total 0.4534 s
---------- RUN END ---------------------------------------------------
TIME: Total execution time: 0.9195 seconds.
--------------------------------------------------------------------------------
To cite CPPTRAJ use:
Daniel R. Roe and Thomas E. Cheatham, III, "PTRAJ and CPPTRAJ: Software for
  Processing and Analysis of Molecular Dynamics Trajectory Data". J. Chem.
  Theory Comput., 2013, 9 (7), pp 3084-3095.

